H:\GITHUB\CIV-EXTERNAL-V1\CPPAIMBOTMATH\CPPAIMBOTMATH\RELEASE\CPPAIMBOTMATH.PCH
H:\GITHUB\CIV-EXTERNAL-V1\CPPAIMBOTMATH\CPPAIMBOTMATH\RELEASE\STDAFX.OBJ
H:\GITHUB\CIV-EXTERNAL-V1\CPPAIMBOTMATH\CPPAIMBOTMATH\RELEASE\VC110.PDB
H:\GITHUB\CIV-EXTERNAL-V1\CPPAIMBOTMATH\CPPAIMBOTMATH\RELEASE\DLLMAIN.OBJ
H:\GITHUB\CIV-EXTERNAL-V1\CPPAIMBOTMATH\CPPAIMBOTMATH\RELEASE\CPPAIMBOTMATH.OBJ
H:\GitHub\CIV-External-v1\CppAimbotMath\Release\CppAimbotMath.lib
H:\GitHub\CIV-External-v1\CppAimbotMath\Release\CppAimbotMath.exp
H:\GITHUB\CIV-EXTERNAL-V1\CPPAIMBOTMATH\RELEASE\CPPAIMBOTMATH.DLL
H:\GITHUB\CIV-EXTERNAL-V1\CPPAIMBOTMATH\RELEASE\CPPAIMBOTMATH.PDB
H:\GitHub\CIV-External-v1\CppAimbotMath\CppAimbotMath\Release\CppAimbotMath.obj
H:\GitHub\CIV-External-v1\CppAimbotMath\CppAimbotMath\Release\dllmain.obj
H:\GitHub\CIV-External-v1\CppAimbotMath\CppAimbotMath\Release\stdafx.obj
H:\GitHub\CIV-External-v1\CppAimbotMath\CppAimbotMath\Release\cl.command.1.tlog
H:\GitHub\CIV-External-v1\CppAimbotMath\CppAimbotMath\Release\CL.read.1.tlog
H:\GitHub\CIV-External-v1\CppAimbotMath\CppAimbotMath\Release\CL.write.1.tlog
H:\GitHub\CIV-External-v1\CppAimbotMath\CppAimbotMath\Release\CppAimbotMath.write.1.tlog
H:\GitHub\CIV-External-v1\CppAimbotMath\CppAimbotMath\Release\link-cvtres.read.1.tlog
H:\GitHub\CIV-External-v1\CppAimbotMath\CppAimbotMath\Release\link-cvtres.write.1.tlog
H:\GitHub\CIV-External-v1\CppAimbotMath\CppAimbotMath\Release\link-rc.read.1.tlog
H:\GitHub\CIV-External-v1\CppAimbotMath\CppAimbotMath\Release\link-rc.write.1.tlog
H:\GitHub\CIV-External-v1\CppAimbotMath\CppAimbotMath\Release\link.command.1.tlog
H:\GitHub\CIV-External-v1\CppAimbotMath\CppAimbotMath\Release\link.read.1.tlog
H:\GitHub\CIV-External-v1\CppAimbotMath\CppAimbotMath\Release\link.write.1.tlog
H:\GitHub\CIV-External-v1\CppAimbotMath\CppAimbotMath\Release\CppAimbotMath.pch
H:\GitHub\CIV-External-v1\CppAimbotMath\CppAimbotMath\Release\vc110.pdb
H:\GitHub\CIV-External-v1\CppAimbotMath\Release\CppAimbotMath.pdb
H:\GitHub\CIV-External-v1\CppAimbotMath\Release\CppAimbotMath.dll
